266 bands read
23 tweets to be processed
0
3 band-tweets
3 new band tweets persisted
615 band tweets in db
   bandId  trending_level
0      21             1.0
1      31             7.0
2     135            67.0
3     182            17.0
4     197             6.0
5     213             1.0
TOP RANKED
          bandCodedName  ranking_position  ranking_change  trending_level
28           elzasoares               1.0             0.0             NaN
114               thexx               2.0             0.0             NaN
9            arcadefire               3.0             0.0             1.0
86         runthejewels               4.0             0.0             NaN
118         vanmorrison               5.0             0.0             1.0
89             seujorge               6.0             0.0             NaN
16              boniver               7.0             0.0             NaN
20   cigarettesaftersex               8.0             0.0             NaN
80                 pond               9.0             0.0             NaN
97               slayer              10.0             0.0             NaN
TOP TRENDING
       bandCodedName  ranking_position  ranking_change  trending_level
64           melange              50.0            67.0            67.0
87      saintetienne              26.0             0.0            17.0
12      berritxarrak              21.0             0.0             7.0
100          solange              44.0             0.0             6.0
9         arcadefire               3.0             0.0             1.0
118      vanmorrison               5.0             0.0             1.0
0     7notas7colores              41.0             0.0             NaN
1           adelaida              61.0            -1.0             NaN
2         againstme!              58.0            -1.0             NaN
3    alexandrasavior              90.0            -1.0             NaN
